<?xml version="1.0" encoding="UTF-8"?>
<!-- Generated by org.testng.reporters.JUnitReportReporter -->
<testsuite skipped="0" hostname="pl1inpun1078nb" name="MindSphere.AssetManager.AssertManagerUI" tests="2" failures="0" timestamp="26 Mar 2019 15:27:56 GMT" time="0.009" errors="0">
  <testcase name="createAnAsset" time="0.007" classname="MindSphere.AssetManager.AssertManagerUI"/>
  <testcase name="createAnAspectType" time="0.002" classname="MindSphere.AssetManager.AssertManagerUI"/>
</testsuite> <!-- MindSphere.AssetManager.AssertManagerUI -->
